<?xml version="1.0" encoding="UTF-8"?>
<!-- Generated by org.testng.reporters.JUnitReportReporter -->
<testsuite skipped="0" hostname="Shivu" name="payeezy.PostCreditCardReq" tests="1" failures="0" timestamp="2019-12-23T23:12:58 IST" time="5.468" errors="0">
  <testcase name="PostCreditCardReq" time="5.468" classname="payeezy.PostCreditCardReq"/>
</testsuite> <!-- payeezy.PostCreditCardReq -->
